17:06:20.366 [main] INFO  testCases.TC_001_AccountRegistrationTest - ***  Starting TC_001_AccountRegistrationTest ***
17:06:20.607 [main] INFO  testCases.TC_001_AccountRegistrationTest - Clicked on My account link
17:06:21.467 [main] INFO  testCases.TC_001_AccountRegistrationTest - Clicked on Register link
17:06:21.471 [main] INFO  testCases.TC_001_AccountRegistrationTest - Providing customer data
17:10:12.549 [main] INFO  testCases.TC_001_AccountRegistrationTest - ***  Starting TC_001_AccountRegistrationTest ***
17:10:12.799 [main] INFO  testCases.TC_001_AccountRegistrationTest - Clicked on My account link
17:10:13.710 [main] INFO  testCases.TC_001_AccountRegistrationTest - Clicked on Register link
17:10:13.714 [main] INFO  testCases.TC_001_AccountRegistrationTest - Providing customer data
17:13:18.500 [main] INFO  testCases.TC_001_AccountRegistrationTest - ***  Starting TC_001_AccountRegistrationTest ***
17:13:18.795 [main] INFO  testCases.TC_001_AccountRegistrationTest - Clicked on My account link
17:13:19.458 [main] INFO  testCases.TC_001_AccountRegistrationTest - Clicked on Register link
17:13:19.461 [main] INFO  testCases.TC_001_AccountRegistrationTest - Providing customer data
17:14:06.998 [main] INFO  testCases.TC_001_AccountRegistrationTest - ***  Starting TC_001_AccountRegistrationTest ***
17:14:07.237 [main] INFO  testCases.TC_001_AccountRegistrationTest - Clicked on My account link
17:14:08.282 [main] INFO  testCases.TC_001_AccountRegistrationTest - Clicked on Register link
17:14:08.292 [main] INFO  testCases.TC_001_AccountRegistrationTest - Providing customer data
17:19:58.886 [main] INFO  testCases.TC_001_AccountRegistrationTest - ***  Starting TC_001_AccountRegistrationTest ***
17:19:59.101 [main] INFO  testCases.TC_001_AccountRegistrationTest - Clicked on My account link
17:19:59.758 [main] INFO  testCases.TC_001_AccountRegistrationTest - Clicked on Register link
17:19:59.763 [main] INFO  testCases.TC_001_AccountRegistrationTest - Providing customer data
17:59:01.368 [main] INFO  testCases.TC_001_AccountRegistrationTest - ***  Starting TC_001_AccountRegistrationTest ***
17:59:01.636 [main] INFO  testCases.TC_001_AccountRegistrationTest - Clicked on My account link
17:59:02.534 [main] INFO  testCases.TC_001_AccountRegistrationTest - Clicked on Register link
17:59:02.539 [main] INFO  testCases.TC_001_AccountRegistrationTest - Providing customer data
21:05:37.702 [main] INFO  testCases.TC_001_AccountRegistrationTest - ***  Starting TC_001_AccountRegistrationTest ***
21:05:37.873 [main] INFO  testCases.TC_001_AccountRegistrationTest - Clicked on My account link
21:05:38.527 [main] INFO  testCases.TC_001_AccountRegistrationTest - Clicked on Register link
21:05:38.531 [main] INFO  testCases.TC_001_AccountRegistrationTest - Providing customer data
21:15:47.767 [TestNG-tests-1] INFO  testCases.TC_001_AccountRegistrationTest - ***  Starting TC_001_AccountRegistrationTest ***
21:15:48.484 [TestNG-tests-1] INFO  testCases.TC_001_AccountRegistrationTest - Clicked on My account link
21:15:48.919 [TestNG-tests-2] INFO  testCases.TC_001_AccountRegistrationTest - ***  Starting TC_001_AccountRegistrationTest ***
21:15:49.104 [TestNG-tests-2] INFO  testCases.TC_001_AccountRegistrationTest - Clicked on My account link
21:15:49.678 [TestNG-tests-1] INFO  testCases.TC_001_AccountRegistrationTest - Clicked on Register link
21:15:49.680 [TestNG-tests-1] INFO  testCases.TC_001_AccountRegistrationTest - Providing customer data
21:15:50.446 [TestNG-tests-2] INFO  testCases.TC_001_AccountRegistrationTest - Clicked on Register link
21:15:50.451 [TestNG-tests-2] INFO  testCases.TC_001_AccountRegistrationTest - Providing customer data
21:18:27.113 [TestNG-tests-2] INFO  testCases.TC_001_AccountRegistrationTest - ***  Starting TC_001_AccountRegistrationTest ***
21:18:27.298 [TestNG-tests-1] INFO  testCases.TC_001_AccountRegistrationTest - ***  Starting TC_001_AccountRegistrationTest ***
21:18:27.626 [TestNG-tests-2] INFO  testCases.TC_001_AccountRegistrationTest - Clicked on My account link
21:18:27.997 [TestNG-tests-1] INFO  testCases.TC_001_AccountRegistrationTest - Clicked on My account link
21:18:29.447 [TestNG-tests-2] INFO  testCases.TC_001_AccountRegistrationTest - Clicked on Register link
21:18:29.456 [TestNG-tests-2] INFO  testCases.TC_001_AccountRegistrationTest - Providing customer data
21:18:29.598 [TestNG-tests-1] INFO  testCases.TC_001_AccountRegistrationTest - Clicked on Register link
21:18:29.601 [TestNG-tests-1] INFO  testCases.TC_001_AccountRegistrationTest - Providing customer data
21:24:25.714 [TestNG-tests-1] INFO  testCases.TC_001_AccountRegistrationTest - ***  Starting TC_001_AccountRegistrationTest ***
21:24:26.120 [TestNG-tests-1] INFO  testCases.TC_001_AccountRegistrationTest - Clicked on My account link
21:24:26.407 [TestNG-tests-2] INFO  testCases.TC_001_AccountRegistrationTest - ***  Starting TC_001_AccountRegistrationTest ***
21:24:26.632 [TestNG-tests-2] INFO  testCases.TC_001_AccountRegistrationTest - Clicked on My account link
21:24:27.341 [TestNG-tests-1] INFO  testCases.TC_001_AccountRegistrationTest - Clicked on Register link
21:24:27.352 [TestNG-tests-1] INFO  testCases.TC_001_AccountRegistrationTest - Providing customer data
21:24:27.606 [TestNG-tests-2] INFO  testCases.TC_001_AccountRegistrationTest - Clicked on Register link
21:24:27.609 [TestNG-tests-2] INFO  testCases.TC_001_AccountRegistrationTest - Providing customer data
22:06:53.467 [main] INFO  testCases.TC_001_AccountRegistrationTest - ***  Starting TC_001_AccountRegistrationTest ***
22:06:53.653 [main] INFO  testCases.TC_001_AccountRegistrationTest - Clicked on My account link
22:06:54.433 [main] INFO  testCases.TC_001_AccountRegistrationTest - Clicked on Register link
22:06:54.436 [main] INFO  testCases.TC_001_AccountRegistrationTest - Providing customer data
22:10:08.741 [main] INFO  testCases.TC_001_AccountRegistrationTest - ***  Starting TC_001_AccountRegistrationTest ***
22:10:08.897 [main] INFO  testCases.TC_001_AccountRegistrationTest - Clicked on My account link
22:11:33.200 [main] INFO  testCases.TC_001_AccountRegistrationTest - ***  Starting TC_001_AccountRegistrationTest ***
22:11:33.351 [main] INFO  testCases.TC_001_AccountRegistrationTest - Clicked on My account link
22:11:34.143 [main] INFO  testCases.TC_001_AccountRegistrationTest - Clicked on Register link
22:11:34.147 [main] INFO  testCases.TC_001_AccountRegistrationTest - Providing customer data
22:46:13.499 [main] INFO  testCases.TC_001_AccountRegistrationTest - ***  Starting TC_001_AccountRegistrationTest ***
22:46:13.649 [main] INFO  testCases.TC_001_AccountRegistrationTest - Clicked on My account link
22:46:14.156 [main] INFO  testCases.TC_001_AccountRegistrationTest - Clicked on Register link
22:46:14.157 [main] INFO  testCases.TC_001_AccountRegistrationTest - Providing customer data
23:59:48.639 [main] INFO  testCases.TC_001_AccountRegistrationTest - ***  Starting TC_001_AccountRegistrationTest ***
23:59:48.823 [main] INFO  testCases.TC_001_AccountRegistrationTest - Clicked on My account link
23:59:50.563 [main] INFO  testCases.TC_001_AccountRegistrationTest - Clicked on Register link
23:59:50.566 [main] INFO  testCases.TC_001_AccountRegistrationTest - Providing customer data
00:09:34.354 [main] INFO  testCases.TC_001_AccountRegistrationTest - ***  Starting TC_001_AccountRegistrationTest ***
00:09:34.571 [main] INFO  testCases.TC_001_AccountRegistrationTest - Clicked on My account link
00:09:36.147 [main] INFO  testCases.TC_001_AccountRegistrationTest - Clicked on Register link
00:09:36.148 [main] INFO  testCases.TC_001_AccountRegistrationTest - Providing customer data
00:22:31.749 [main] INFO  testCases.TC_001_AccountRegistrationTest - ***  Starting TC_001_AccountRegistrationTest ***
00:22:31.966 [main] INFO  testCases.TC_001_AccountRegistrationTest - Clicked on My account link
00:22:32.806 [main] INFO  testCases.TC_001_AccountRegistrationTest - Clicked on Register link
00:22:32.808 [main] INFO  testCases.TC_001_AccountRegistrationTest - Providing customer data
00:27:39.034 [main] INFO  testCases.TC_001_AccountRegistrationTest - ***  Starting TC_001_AccountRegistrationTest ***
00:27:39.243 [main] INFO  testCases.TC_001_AccountRegistrationTest - Clicked on My account link
00:27:40.328 [main] INFO  testCases.TC_001_AccountRegistrationTest - Clicked on Register link
00:27:40.330 [main] INFO  testCases.TC_001_AccountRegistrationTest - Providing customer data
00:41:27.264 [main] INFO  testCases.TC_001_AccountRegistrationTest - ***  Starting TC_001_AccountRegistrationTest ***
00:41:27.516 [main] INFO  testCases.TC_001_AccountRegistrationTest - Clicked on My account link
00:41:28.259 [main] INFO  testCases.TC_001_AccountRegistrationTest - Clicked on Register link
00:41:28.262 [main] INFO  testCases.TC_001_AccountRegistrationTest - Providing customer data
00:47:07.959 [main] INFO  testCases.TC_001_AccountRegistrationTest - ***  Starting TC_001_AccountRegistrationTest ***
00:47:08.305 [main] INFO  testCases.TC_001_AccountRegistrationTest - Clicked on My account link
00:47:08.951 [main] INFO  testCases.TC_001_AccountRegistrationTest - Clicked on Register link
00:47:08.953 [main] INFO  testCases.TC_001_AccountRegistrationTest - Providing customer data
00:47:15.921 [main] INFO  testCases.TC_001_AccountRegistrationTest - Clicked on continue
00:47:26.000 [main] INFO  testCases.TC_001_AccountRegistrationTest - Clicked on continue
00:50:06.304 [main] INFO  testCases.TC_001_AccountRegistrationTest - ***  Starting TC_001_AccountRegistrationTest ***
00:50:06.548 [main] INFO  testCases.TC_001_AccountRegistrationTest - Clicked on My account link
00:50:07.221 [main] INFO  testCases.TC_001_AccountRegistrationTest - Clicked on Register link
00:50:07.223 [main] INFO  testCases.TC_001_AccountRegistrationTest - Providing customer data
00:52:58.424 [main] INFO  testCases.TC_001_AccountRegistrationTest - ***  Starting TC_001_AccountRegistrationTest ***
00:52:58.665 [main] INFO  testCases.TC_001_AccountRegistrationTest - Clicked on My account link
00:52:59.826 [main] INFO  testCases.TC_001_AccountRegistrationTest - Clicked on Register link
00:52:59.828 [main] INFO  testCases.TC_001_AccountRegistrationTest - Providing customer data
13:56:59.687 [main] INFO  testCases.TC_001_AccountRegistrationTest - ***  Starting TC_001_AccountRegistrationTest ***
13:56:59.909 [main] INFO  testCases.TC_001_AccountRegistrationTest - Clicked on My account link
13:57:01.135 [main] INFO  testCases.TC_001_AccountRegistrationTest - Clicked on Register link
13:57:01.138 [main] INFO  testCases.TC_001_AccountRegistrationTest - Providing customer data
17:52:07.335 [main] INFO  testCases.TC_001_AccountRegistrationTest - ***  Starting TC_001_AccountRegistrationTest ***
17:52:07.571 [main] INFO  testCases.TC_001_AccountRegistrationTest - Clicked on My account link
17:52:08.607 [main] INFO  testCases.TC_001_AccountRegistrationTest - Clicked on Register link
17:52:08.610 [main] INFO  testCases.TC_001_AccountRegistrationTest - Providing customer data
17:54:17.399 [main] INFO  testCases.TC_001_AccountRegistrationTest - ***  Starting TC_001_AccountRegistrationTest ***
17:54:17.671 [main] INFO  testCases.TC_001_AccountRegistrationTest - Clicked on My account link
17:54:18.476 [main] INFO  testCases.TC_001_AccountRegistrationTest - Clicked on Register link
17:54:18.480 [main] INFO  testCases.TC_001_AccountRegistrationTest - Providing customer data
22:21:55.638 [main] INFO  testCases.TC_002_LoginTest - ***  Starting TC_002_LoginTest ***
22:32:18.251 [main] INFO  testCases.TC_002_LoginTest - ***  Starting TC_002_LoginTest ***
22:52:27.244 [main] INFO  testCases.TC_002_LoginTest - ***  Starting TC_002_LoginTest ***
23:50:35.716 [main] INFO  testCases.TC_002_LoginTest - ***  Starting TC_002_LoginTest ***
23:55:30.319 [main] INFO  testCases.TC_002_LoginTest - ***  Starting TC_002_LoginTest ***
00:14:01.545 [main] INFO  testCases.TC_002_LoginTest - ***  Starting TC_002_LoginTest ***
00:15:34.128 [main] INFO  testCases.TC_002_LoginTest - ***  Starting TC_002_LoginTest ***
18:52:32.818 [main] INFO  testCases.TC_003_LoginDataDrivenTest -  Starting TC_003_LoginDataDrivenTest 
18:52:45.125 [main] INFO  testCases.TC_003_LoginDataDrivenTest -  Starting TC_003_LoginDataDrivenTest 
18:52:56.258 [main] INFO  testCases.TC_003_LoginDataDrivenTest -  Finished TC_003_LoginDataDrivenTest
18:52:56.265 [main] INFO  testCases.TC_003_LoginDataDrivenTest -  Starting TC_003_LoginDataDrivenTest 
18:53:07.445 [main] INFO  testCases.TC_003_LoginDataDrivenTest -  Finished TC_003_LoginDataDrivenTest
18:53:07.453 [main] INFO  testCases.TC_003_LoginDataDrivenTest -  Starting TC_003_LoginDataDrivenTest 
18:53:18.603 [main] INFO  testCases.TC_003_LoginDataDrivenTest -  Finished TC_003_LoginDataDrivenTest
18:53:18.610 [main] INFO  testCases.TC_003_LoginDataDrivenTest -  Starting TC_003_LoginDataDrivenTest 
19:00:33.257 [main] INFO  testCases.TC_001_AccountRegistrationTest - ***  Starting TC_001_AccountRegistrationTest ***
19:00:33.468 [main] INFO  testCases.TC_001_AccountRegistrationTest - Clicked on My account link
19:00:34.281 [main] INFO  testCases.TC_001_AccountRegistrationTest - Clicked on Register link
19:00:34.282 [main] INFO  testCases.TC_001_AccountRegistrationTest - Providing customer data
19:00:35.265 [main] INFO  testCases.TC_001_AccountRegistrationTest - Clicked on continue
19:00:45.362 [main] INFO  testCases.TC_001_AccountRegistrationTest - Clicked on continue
19:02:04.181 [main] INFO  testCases.TC_001_AccountRegistrationTest - ***  Starting TC_001_AccountRegistrationTest ***
19:02:04.365 [main] INFO  testCases.TC_001_AccountRegistrationTest - Clicked on My account link
19:02:05.108 [main] INFO  testCases.TC_001_AccountRegistrationTest - Clicked on Register link
19:02:05.112 [main] INFO  testCases.TC_001_AccountRegistrationTest - Providing customer data
19:08:11.655 [main] INFO  testCases.TC_001_AccountRegistrationTest - ***  Starting TC_001_AccountRegistrationTest ***
19:08:11.835 [main] INFO  testCases.TC_001_AccountRegistrationTest - Clicked on My account link
19:08:12.814 [main] INFO  testCases.TC_001_AccountRegistrationTest - Clicked on Register link
19:08:12.817 [main] INFO  testCases.TC_001_AccountRegistrationTest - Providing customer data
19:08:42.036 [main] INFO  testCases.TC_001_AccountRegistrationTest - ***  Starting TC_001_AccountRegistrationTest ***
19:08:42.278 [main] INFO  testCases.TC_001_AccountRegistrationTest - Clicked on My account link
19:08:42.951 [main] INFO  testCases.TC_001_AccountRegistrationTest - Clicked on Register link
19:08:42.952 [main] INFO  testCases.TC_001_AccountRegistrationTest - Providing customer data
19:10:36.518 [main] INFO  testCases.TC_001_AccountRegistrationTest - ***  Starting TC_001_AccountRegistrationTest ***
19:10:36.712 [main] INFO  testCases.TC_001_AccountRegistrationTest - Clicked on My account link
19:10:37.447 [main] INFO  testCases.TC_001_AccountRegistrationTest - Clicked on Register link
19:10:37.451 [main] INFO  testCases.TC_001_AccountRegistrationTest - Providing customer data
19:17:12.348 [main] INFO  testCases.TC_001_AccountRegistrationTest - ***  Starting TC_001_AccountRegistrationTest ***
19:17:12.577 [main] INFO  testCases.TC_001_AccountRegistrationTest - Clicked on My account link
19:17:13.270 [main] INFO  testCases.TC_001_AccountRegistrationTest - Clicked on Register link
19:17:13.274 [main] INFO  testCases.TC_001_AccountRegistrationTest - Providing customer data
19:21:45.957 [main] INFO  testCases.TC_001_AccountRegistrationTest - ***  Starting TC_001_AccountRegistrationTest ***
19:21:46.185 [main] INFO  testCases.TC_001_AccountRegistrationTest - Clicked on My account link
19:21:46.892 [main] INFO  testCases.TC_001_AccountRegistrationTest - Clicked on Register link
19:21:46.895 [main] INFO  testCases.TC_001_AccountRegistrationTest - Providing customer data
19:25:58.127 [main] INFO  testCases.TC_002_LoginTest - ***  Starting TC_002_LoginTest ***
19:27:09.301 [main] INFO  testCases.TC_002_LoginTest - ***  Starting TC_002_LoginTest ***
21:01:00.416 [main] INFO  testCases.TC_001_AccountRegistrationTest - ***  Starting TC_001_AccountRegistrationTest ***
21:01:00.603 [main] INFO  testCases.TC_001_AccountRegistrationTest - Clicked on My account link
21:01:01.907 [main] INFO  testCases.TC_001_AccountRegistrationTest - Clicked on Register link
21:01:01.911 [main] INFO  testCases.TC_001_AccountRegistrationTest - Providing customer data
21:01:07.530 [main] INFO  testCases.TC_002_LoginTest - ***  Starting TC_002_LoginTest ***
00:49:57.489 [main] INFO  testCases.TC_001_AccountRegistrationTest - ***  Starting TC_001_AccountRegistrationTest ***
00:49:57.865 [main] INFO  testCases.TC_001_AccountRegistrationTest - Clicked on My account link
00:49:59.046 [main] INFO  testCases.TC_001_AccountRegistrationTest - Clicked on Register link
00:49:59.063 [main] INFO  testCases.TC_001_AccountRegistrationTest - Providing customer data
00:50:05.107 [main] INFO  testCases.TC_002_LoginTest - ***  Starting TC_002_LoginTest ***
01:12:53.106 [main] INFO  testCases.TC_001_AccountRegistrationTest - ***  Starting TC_001_AccountRegistrationTest ***
01:12:53.440 [main] INFO  testCases.TC_001_AccountRegistrationTest - Clicked on My account link
01:12:54.586 [main] INFO  testCases.TC_001_AccountRegistrationTest - Clicked on Register link
01:12:54.593 [main] INFO  testCases.TC_001_AccountRegistrationTest - Providing customer data
01:13:00.046 [main] INFO  testCases.TC_002_LoginTest - ***  Starting TC_002_LoginTest ***
